The system is: Windows - 10.0.19043 - AMD64
Compiling the C compiler identification source file "CMakeCCompilerId.c" succeeded.
Compiler: I:/Program Files (x86)/Microsoft Visual Studio/2019/Professional/VC/Tools/MSVC/14.28.29910/bin/Hostx64/x64/cl.exe 
Build flags: 
Id flags:  

The output was:
0
用于 x64 的 Microsoft (R) C/C++ 优化编译器 19.28.29910 版
版权所有(C) Microsoft Corporation。保留所有权利。

CMakeCCompilerId.c
Microsoft (R) Incremental Linker Version 14.28.29910.0
Copyright (C) Microsoft Corporation.  All rights reserved.

/out:CMakeCCompilerId.exe 
CMakeCCompilerId.obj 


Compilation of the C compiler identification source "CMakeCCompilerId.c" produced "CMakeCCompilerId.exe"

Compilation of the C compiler identification source "CMakeCCompilerId.c" produced "CMakeCCompilerId.obj"

The C compiler identification is MSVC, found in "C:/Users/86137/Desktop/暑期实习/openGL_陈炯麟/opengl/2019122180_陈炯麟_期末大作业/2019122180_陈炯麟_源代码/out/build/x64-Debug/CMakeFiles/3.19.20122902-MSVC_2/CompilerIdC/CMakeCCompilerId.exe"

Compiling the CXX compiler identification source file "CMakeCXXCompilerId.cpp" succeeded.
Compiler: I:/Program Files (x86)/Microsoft Visual Studio/2019/Professional/VC/Tools/MSVC/14.28.29910/bin/Hostx64/x64/cl.exe 
Build flags: 
Id flags:  

The output was:
0
用于 x64 的 Microsoft (R) C/C++ 优化编译器 19.28.29910 版
版权所有(C) Microsoft Corporation。保留所有权利。

CMakeCXXCompilerId.cpp
Microsoft (R) Incremental Linker Version 14.28.29910.0
Copyright (C) Microsoft Corporation.  All rights reserved.

/out:CMakeCXXCompilerId.exe 
CMakeCXXCompilerId.obj 


Compilation of the CXX compiler identification source "CMakeCXXCompilerId.cpp" produced "CMakeCXXCompilerId.exe"

Compilation of the CXX compiler identification source "CMakeCXXCompilerId.cpp" produced "CMakeCXXCompilerId.obj"

The CXX compiler identification is MSVC, found in "C:/Users/86137/Desktop/暑期实习/openGL_陈炯麟/opengl/2019122180_陈炯麟_期末大作业/2019122180_陈炯麟_源代码/out/build/x64-Debug/CMakeFiles/3.19.20122902-MSVC_2/CompilerIdCXX/CMakeCXXCompilerId.exe"

Detecting C compiler ABI info compiled with the following output:
Change Dir: C:/Users/86137/Desktop/暑期实习/openGL_陈炯麟/opengl/2019122180_陈炯麟_期末大作业/2019122180_陈炯麟_源代码/out/build/x64-Debug/CMakeFiles/CMakeTmp

Run Build Command(s):I:/Program Files (x86)/Microsoft Visual Studio/2019/Professional/Common7/IDE/CommonExtensions/Microsoft/CMake/Ninja/ninja.exe cmTC_a0c83 && [1/2] Building C object CMakeFiles\cmTC_a0c83.dir\CMakeCCompilerABI.c.obj
[2/2] Linking C executable cmTC_a0c83.exe



Detecting CXX compiler ABI info compiled with the following output:
Change Dir: C:/Users/86137/Desktop/暑期实习/openGL_陈炯麟/opengl/2019122180_陈炯麟_期末大作业/2019122180_陈炯麟_源代码/out/build/x64-Debug/CMakeFiles/CMakeTmp

Run Build Command(s):I:/Program Files (x86)/Microsoft Visual Studio/2019/Professional/Common7/IDE/CommonExtensions/Microsoft/CMake/Ninja/ninja.exe cmTC_1a655 && [1/2] Building CXX object CMakeFiles\cmTC_1a655.dir\CMakeCXXCompilerABI.cpp.obj
[2/2] Linking CXX executable cmTC_1a655.exe



